<?xml version="1.0" encoding="utf-8"?>
<TestRun id="265faf58-768f-4024-988d-44cd6f537210" name="@Jespers-MBP 2022-03-02 21:48:02" xmlns="http://microsoft.com/schemas/VisualStudio/TeamTest/2010">
  <Times creation="2022-03-02T21:48:02.6477090+01:00" queuing="2022-03-02T21:48:02.6477090+01:00" start="2022-03-02T21:48:01.0972030+01:00" finish="2022-03-02T21:48:02.6586240+01:00" />
  <TestSettings name="default" id="c808bfbf-e804-43bb-a5f4-087082d8b82c">
    <Deployment runDeploymentRoot="_Jespers-MBP_2022-03-02_21_48_02" />
  </TestSettings>
  <TestLists>
    <TestList name="Results Not in a List" id="8c84fa94-04c1-424b-9868-57a2d4851a1d" />
    <TestList name="All Loaded Results" id="19431567-8539-422a-85d7-44ee4e166bda" />
  </TestLists>
  <ResultSummary outcome="Failed">
    <Counters total="0" executed="0" passed="0" failed="0" error="0" timeout="0" aborted="0" inconclusive="0" passedButRunAborted="0" notRunnable="0" notExecuted="0" disconnected="0" warning="0" completed="0" inProgress="0" pending="0" />
    <Output>
      <StdOut>Data collection : Logging DataCollector Diagnostics in file: /Users/jn/git/private/DebuggingTestCrashing/DebuggingTestCrashing/diag.datacollector.22-03-02_21-48-01_13216_5.log
Logging TestHost Diagnostics in file: /Users/jn/git/private/DebuggingTestCrashing/DebuggingTestCrashing/diag.host.22-03-02_21-48-01_66694_5.log
[xUnit.net 00:00:00.00] xUnit.net VSTest Adapter v2.4.3+1b45f5407b (64-bit .NET 6.0.2)
[xUnit.net 00:00:00.26]   Discovering: DebuggingTestCrashing
[xUnit.net 00:00:00.29]   Discovered:  DebuggingTestCrashing
[xUnit.net 00:00:00.30]   Starting:    DebuggingTestCrashing
</StdOut>
    </Output>
    <RunInfos>
      <RunInfo computerName="Jespers-MBP" outcome="Error" timestamp="2022-03-02T21:48:02.5762220+01:00">
        <Text>The active test run was aborted. Reason: Test host process crashed : task_for_pid(12113) FAILED 5 (os/kern) failure
</Text>
      </RunInfo>
    </RunInfos>
    <CollectorDataEntries>
      <Collector agentName="Jespers-MBP" uri="datacollector://microsoft/TestPlatform/Extensions/Blame/v1" collectorDisplayName="Blame">
        <UriAttachments>
          <UriAttachment>
            <A href="Jespers-MBP/Sequence_7d72a98344c34427b81d1e25293a8f26.xml"></A>
          </UriAttachment>
        </UriAttachments>
      </Collector>
    </CollectorDataEntries>
  </ResultSummary>
</TestRun>